<?xml version="1.0" encoding="UTF-8"?>
<!-- Generated by org.testng.reporters.JUnitReportReporter -->
<testsuite hostname="Arnold" failures="0" tests="1" name="UdemyContd.V137RunningTestcasesInTestNGWithoutJavaCompiler" time="0.000" errors="0" timestamp="2021-01-28T16:19:04 GST" skipped="0">
  <testcase classname="UdemyContd.V137RunningTestcasesInTestNGWithoutJavaCompiler" name="simply" time="0.000"/>
  <system-out/>
</testsuite> <!-- UdemyContd.V137RunningTestcasesInTestNGWithoutJavaCompiler -->
