<?xml version="1.0" encoding="UTF-8"?>
<!-- Generated by org.testng.reporters.JUnitReportReporter -->
<testsuite hostname="Arnold" failures="0" tests="1" name="UdemyContd2.V159IntegrationOfTestNGWithMaven" time="0.004" errors="0" timestamp="2021-01-30T09:51:53 GST" skipped="0">
  <testcase classname="UdemyContd2.V159IntegrationOfTestNGWithMaven" name="trialMaven" time="0.004"/>
  <system-out/>
</testsuite> <!-- UdemyContd2.V159IntegrationOfTestNGWithMaven -->
