<?xml version="1.0" encoding="UTF-8"?>
<!-- Generated by org.testng.reporters.JUnitReportReporter -->
<testsuite hostname="Arnold" failures="0" tests="3" name="UdemyContd2.V160_2SwitchingTheTestsWithMavenProfiling" time="0.000" errors="0" timestamp="2021-02-05T15:32:37 GST" skipped="0">
  <testcase classname="UdemyContd2.V160_2SwitchingTheTestsWithMavenProfiling" name="MavenFullSwing4" time="0.000"/>
  <system-out/>
  <testcase classname="UdemyContd2.V160_2SwitchingTheTestsWithMavenProfiling" name="MavenFullSwing5" time="0.000"/>
  <system-out/>
  <testcase classname="UdemyContd2.V160_2SwitchingTheTestsWithMavenProfiling" name="MavenFullSwing6" time="0.000"/>
  <system-out/>
</testsuite> <!-- UdemyContd2.V160_2SwitchingTheTestsWithMavenProfiling -->
