<?xml version="1.0" encoding="UTF-8"?>
<!-- Generated by org.testng.reporters.JUnitReportReporter -->
<testsuite hostname="Arnold" failures="0" tests="3" name="UdemyContd2.V160_1SwitchingTheTestsWithMavenProfiling" time="0.004" errors="0" timestamp="2021-02-05T15:32:37 GST" skipped="0">
  <testcase classname="UdemyContd2.V160_1SwitchingTheTestsWithMavenProfiling" name="MavenFullSwing1" time="0.004"/>
  <system-out/>
  <testcase classname="UdemyContd2.V160_1SwitchingTheTestsWithMavenProfiling" name="MavenFullSwing2" time="0.000"/>
  <system-out/>
  <testcase classname="UdemyContd2.V160_1SwitchingTheTestsWithMavenProfiling" name="MavenFullSwing3" time="0.000"/>
  <system-out/>
</testsuite> <!-- UdemyContd2.V160_1SwitchingTheTestsWithMavenProfiling -->
