<?xml version="1.0" encoding="UTF-8"?>
<!-- Generated by org.testng.reporters.JUnitReportReporter -->
<testsuite hostname="Arnold" failures="0" tests="1" name="UdemyContd.V139PrioritizingTheTestcasesWithTestNG" time="0.003" errors="0" timestamp="2021-01-28T16:19:04 GST" skipped="0">
  <testcase classname="UdemyContd.V139PrioritizingTheTestcasesWithTestNG" name="APILoginCar" time="0.003"/>
  <system-out/>
</testsuite> <!-- UdemyContd.V139PrioritizingTheTestcasesWithTestNG -->
